\BOOKMARK [0][-]{chapter*.5}{\376\377\000C\000o\000n\000t\000e\000n\000t\000s}{}% 1
\BOOKMARK [0][-]{chapter.1}{\376\377\000I\000n\000t\000r\000o\000d\000u\000c\000t\000i\000o\000n}{}% 2
\BOOKMARK [0][-]{chapter.2}{\376\377\000F\000a\000s\000t\000I\000C\000+}{}% 3
\BOOKMARK [1][-]{section.2.1}{\376\377\000D\000e\000t\000e\000c\000t\000i\000o\000n}{chapter.2}% 4
\BOOKMARK [1][-]{section.2.2}{\376\377\000D\000i\000g\000i\000t\000i\000z\000i\000n\000g}{chapter.2}% 5
\BOOKMARK [1][-]{section.2.3}{\376\377\000C\000o\000n\000f\000i\000g\000u\000r\000a\000t\000i\000o\000n\000\040\000a\000n\000d\000\040\000t\000e\000s\000t\000i\000n\000g}{chapter.2}% 6
\BOOKMARK [0][-]{chapter.3}{\376\377\000A\000u\000r\000o\000r\000a\000\040\000p\000r\000o\000t\000o\000c\000o\000l}{}% 7
\BOOKMARK [1][-]{section.3.1}{\376\377\000F\000r\000a\000m\000e\000\040\000n\000o\000t\000a\000t\000i\000o\000n}{chapter.3}% 8
\BOOKMARK [1][-]{section.3.2}{\376\377\000E\000n\000c\000o\000d\000i\000n\000g}{chapter.3}% 9
\BOOKMARK [2][-]{subsection.3.2.1}{\376\377\000D\000a\000t\000a\000\040\000b\000l\000o\000c\000k}{section.3.2}% 10
\BOOKMARK [2][-]{subsection.3.2.2}{\376\377\000S\000e\000p\000a\000r\000a\000t\000o\000r\000-\0007\000\040\000b\000l\000o\000c\000k}{section.3.2}% 11
\BOOKMARK [2][-]{subsection.3.2.3}{\376\377\000S\000e\000p\000a\000r\000a\000t\000o\000r\000\040\000b\000l\000o\000c\000k}{section.3.2}% 12
\BOOKMARK [2][-]{subsection.3.2.4}{\376\377\000U\000s\000e\000r\000\040\000K\000-\000b\000l\000o\000c\000k}{section.3.2}% 13
\BOOKMARK [2][-]{subsection.3.2.5}{\376\377\000I\000d\000l\000e\000\040\000b\000l\000o\000c\000k}{section.3.2}% 14
\BOOKMARK [1][-]{section.3.3}{\376\377\000S\000c\000r\000a\000m\000b\000l\000i\000n\000g}{chapter.3}% 15
\BOOKMARK [0][-]{chapter.4}{\376\377\000F\000a\000s\000t\000I\000C\000+\000\040\000p\000a\000c\000k\000e\000t\000\040\000s\000t\000r\000u\000c\000t\000u\000r\000e}{}% 16
\BOOKMARK [1][-]{subsection.4.0.1}{\376\377\000D\000a\000t\000a\000\040\000p\000a\000c\000k\000e\000t}{chapter.4}% 17
\BOOKMARK [2][-]{subsection.4.0.2}{\376\377\000S\000t\000a\000t\000i\000s\000t\000i\000c\000s\000\040\000p\000a\000c\000k\000e\000t}{subsection.4.0.1}% 18
\BOOKMARK [2][-]{subsection.4.0.3}{\376\377\000C\000o\000u\000n\000t\000e\000r\000\040\000E\000x\000t\000e\000n\000s\000i\000o\000n\000\040\000+\000\040\000E\000v\000e\000n\000t\000\040\000C\000o\000u\000n\000t\000e\000r\000\040\000p\000a\000c\000k\000e\000t}{subsection.4.0.1}% 19
\BOOKMARK [0][-]{chapter.5}{\376\377\000D\000e\000v\000i\000c\000e\000\040\000c\000o\000n\000c\000e\000p\000t}{}% 20
\BOOKMARK [0][-]{chapter.6}{\376\377\000R\000e\000a\000d\000o\000u\000t\000\040\000b\000o\000a\000r\000d}{}% 21
\BOOKMARK [1][-]{section.6.1}{\376\377\000M\000i\000c\000r\000o\000c\000o\000n\000t\000r\000o\000l\000l\000e\000r}{chapter.6}% 22
\BOOKMARK [1][-]{section.6.2}{\376\377\000R\000e\000c\000e\000i\000v\000i\000n\000g\000\040\000t\000h\000e\000\040\000A\000u\000r\000o\000r\000a\000\040\000s\000t\000r\000e\000a\000m}{chapter.6}% 23
\BOOKMARK [1][-]{section.6.3}{\376\377\000O\000m\000i\000t\000t\000i\000n\000g\000\040\000c\000l\000o\000c\000k\000\040\000r\000e\000c\000o\000v\000e\000r\000y\000\040\000w\000i\000t\000h\000\040\000t\000h\000e\000\040\000F\000a\000s\000t\000I\000C\000+}{chapter.6}% 24
\BOOKMARK [1][-]{section.6.4}{\376\377\000F\000a\000s\000t\000I\000C\000+}{chapter.6}% 25
\BOOKMARK [2][-]{subsection.6.4.1}{\376\377\000I\0002\000C\000\040\000c\000o\000m\000m\000u\000n\000i\000c\000a\000t\000i\000o\000n}{section.6.4}% 26
\BOOKMARK [2][-]{subsection.6.4.2}{\376\377\000C\000a\000l\000i\000b\000r\000a\000t\000i\000o\000n\000\040\000p\000u\000l\000s\000e\000\040\000g\000e\000n\000e\000r\000a\000t\000o\000r}{section.6.4}% 27
\BOOKMARK [2][-]{subsection.6.4.3}{\376\377\000V\000o\000l\000t\000a\000g\000e\000\040\000m\000o\000n\000i\000t\000o\000r\000i\000n\000g}{section.6.4}% 28
\BOOKMARK [2][-]{subsection.6.4.4}{\376\377\000H\000i\000g\000h\000\040\000s\000p\000e\000e\000d\000\040\000o\000u\000t\000p\000u\000t\000s}{section.6.4}% 29
\BOOKMARK [2][-]{subsection.6.4.5}{\376\377\000T\000r\000i\000g\000g\000e\000r\000\040\000i\000n\000p\000u\000t\000\040\000a\000n\000d\000\040\000o\000u\000t\000p\000u\000t}{section.6.4}% 30
\BOOKMARK [1][-]{section.6.5}{\376\377\000U\000S\000B}{chapter.6}% 31
\BOOKMARK [2][-]{subsection.6.5.1}{\376\377\000C\000l\000o\000c\000k\000\040\000g\000e\000n\000e\000r\000a\000t\000i\000o\000n}{section.6.5}% 32
\BOOKMARK [2][-]{subsection.6.5.2}{\376\377\000H\000i\000g\000h\000\040\000V\000o\000l\000t\000a\000g\000e}{section.6.5}% 33
\BOOKMARK [2][-]{subsection.6.5.3}{\376\377\000P\000o\000w\000e\000r}{section.6.5}% 34
\BOOKMARK [1][-]{section.6.6}{\376\377\000C\000o\000n\000n\000e\000c\000t\000o\000r}{chapter.6}% 35
\BOOKMARK [0][-]{chapter.7}{\376\377\000U\000s\000e\000r\000\040\000B\000o\000a\000r\000d}{}% 36
\BOOKMARK [1][-]{section.7.1}{\376\377\000S\000e\000n\000s\000o\000r\000s}{chapter.7}% 37
\BOOKMARK [1][-]{section.7.2}{\376\377\000E\000E\000P\000R\000O\000M}{chapter.7}% 38
\BOOKMARK [0][-]{chapter.8}{\376\377\000P\000C\000B\000\040\000d\000e\000s\000i\000g\000n}{}% 39
\BOOKMARK [0][-]{chapter.9}{\376\377\000F\000i\000r\000m\000w\000a\000r\000e}{}% 40
\BOOKMARK [1][-]{section.9.1}{\376\377\000U\000S\000B}{chapter.9}% 41
\BOOKMARK [2][-]{subsection.9.1.1}{\376\377\000C\000D\000C\000\040\000i\000n\000t\000e\000r\000f\000a\000c\000e}{section.9.1}% 42
\BOOKMARK [2][-]{subsection.9.1.2}{\376\377\000V\000e\000n\000d\000o\000r\000\040\000c\000o\000n\000t\000r\000o\000l}{section.9.1}% 43
\BOOKMARK [2][-]{subsection.9.1.3}{\376\377\000V\000e\000n\000d\000o\000r\000\040\000i\000n\000t\000e\000r\000f\000a\000c\000e\000s}{section.9.1}% 44
\BOOKMARK [1][-]{section.9.2}{\376\377\000C\000l\000o\000c\000k\000\040\000g\000e\000n\000e\000r\000a\000t\000i\000o\000n}{chapter.9}% 45
\BOOKMARK [1][-]{section.9.3}{\376\377\000H\000V\000\040\000p\000o\000w\000e\000r\000\040\000s\000u\000p\000p\000l\000y}{chapter.9}% 46
\BOOKMARK [2][-]{subsection.9.3.1}{\376\377\000P\000I\000D\000\040\000t\000u\000n\000i\000n\000g}{section.9.3}% 47
\BOOKMARK [1][-]{section.9.4}{\376\377\000F\000a\000s\000t\000I\000C\000+}{chapter.9}% 48
\BOOKMARK [2][-]{subsection.9.4.1}{\376\377\000I\0002\000C\000\040\000C\000o\000m\000m\000u\000n\000i\000c\000a\000t\000i\000o\000n}{section.9.4}% 49
\BOOKMARK [2][-]{subsection.9.4.2}{\376\377\000A\000u\000r\000o\000r\000a\000\040\000s\000t\000r\000e\000a\000m}{section.9.4}% 50
\BOOKMARK [2][-]{subsection.9.4.3}{\376\377\000P\000u\000l\000s\000e\000\040\000i\000n\000j\000e\000c\000t\000i\000o\000n}{section.9.4}% 51
\BOOKMARK [1][-]{section.9.5}{\376\377\000U\000s\000e\000r\000b\000o\000a\000r\000d}{chapter.9}% 52
\BOOKMARK [0][-]{chapter.10}{\376\377\000S\000o\000f\000t\000w\000a\000r\000e}{}% 53
\BOOKMARK [1][-]{section.10.1}{\376\377\000D\000e\000v\000i\000c\000e\000\040\000c\000o\000n\000t\000r\000o\000l}{chapter.10}% 54
\BOOKMARK [1][-]{section.10.2}{\376\377\000S\000t\000r\000e\000a\000m\000\040\000r\000e\000c\000e\000p\000t\000i\000o\000n}{chapter.10}% 55
\BOOKMARK [1][-]{section.10.3}{\376\377\000P\000a\000c\000k\000e\000t\000\040\000p\000a\000r\000s\000i\000n\000g}{chapter.10}% 56
\BOOKMARK [0][-]{chapter*.9}{\376\377\000B\000i\000b\000l\000i\000o\000g\000r\000a\000p\000h\000y}{}% 57
